<?xml version="1.0" encoding="UTF-8"?>
<testng-results ignored="0" total="1" passed="1" failed="0" skipped="0">
  <reporter-output>
  </reporter-output>
  <suite started-at="2024-04-09T22:58:50 IST" name="Local Test Suite" finished-at="2024-04-09T22:59:25 IST" duration-ms="35703">
    <groups>
    </groups>
    <test started-at="2024-04-09T22:58:50 IST" name="Local Tests" finished-at="2024-04-09T22:59:25 IST" duration-ms="35703">
      <class name="sanity.bateel.SanityBateelLoginAndNavigationTest">
        <test-method signature="testBateelShopCategoryNavigation()[pri:0, instance:sanity.bateel.SanityBateelLoginAndNavigationTest@19f040ba]" started-at="2024-04-09T22:58:54 IST" name="testBateelShopCategoryNavigation" finished-at="2024-04-09T22:59:25 IST" duration-ms="30670" status="PASS">
          <reporter-output>
          </reporter-output>
        </test-method> <!-- testBateelShopCategoryNavigation -->
      </class> <!-- sanity.bateel.SanityBateelLoginAndNavigationTest -->
    </test> <!-- Local Tests -->
  </suite> <!-- Local Test Suite -->
</testng-results>
