<?xml version="1.0" encoding="UTF-8"?>
<testng-results ignored="0" total="1" passed="1" failed="0" skipped="0">
  <reporter-output>
  </reporter-output>
  <suite started-at="2024-10-14T10:58:02 IST" name="Local Test Suite" finished-at="2024-10-14T11:01:39 IST" duration-ms="216609">
    <groups>
    </groups>
    <test started-at="2024-10-14T10:58:02 IST" name="Local Tests" finished-at="2024-10-14T11:01:39 IST" duration-ms="216609">
      <class name="sanity.bateel.SanityBateelLogincheckout">
        <test-method signature="testBateeladdtocartitemloginuser()[pri:0, instance:sanity.bateel.SanityBateelLogincheckout@f14e5bf]" started-at="2024-10-14T10:58:07 IST" name="testBateeladdtocartitemloginuser" finished-at="2024-10-14T11:01:38 IST" duration-ms="210491" status="PASS">
          <reporter-output>
          </reporter-output>
        </test-method> <!-- testBateeladdtocartitemloginuser -->
      </class> <!-- sanity.bateel.SanityBateelLogincheckout -->
    </test> <!-- Local Tests -->
  </suite> <!-- Local Test Suite -->
</testng-results>
