<?xml version="1.0" encoding="UTF-8"?>
<testng-results ignored="0" total="1" passed="1" failed="0" skipped="0">
  <reporter-output>
  </reporter-output>
  <suite started-at="2024-09-24T16:28:54 IST" name="Local Test Suite" finished-at="2024-09-24T16:32:34 IST" duration-ms="219775">
    <groups>
    </groups>
    <test started-at="2024-09-24T16:28:54 IST" name="Local Tests" finished-at="2024-09-24T16:32:34 IST" duration-ms="219775">
      <class name="sanity.bateel.SanityBateelLiveCheckoutWithInvalidCardDetails">
        <test-method signature="testBateelLiveCheckoutWithInvalidCard()[pri:0, instance:sanity.bateel.SanityBateelLiveCheckoutWithInvalidCardDetails@460b6d54]" started-at="2024-09-24T16:28:58 IST" name="testBateelLiveCheckoutWithInvalidCard" finished-at="2024-09-24T16:32:32 IST" duration-ms="213869" status="PASS">
          <reporter-output>
          </reporter-output>
        </test-method> <!-- testBateelLiveCheckoutWithInvalidCard -->
      </class> <!-- sanity.bateel.SanityBateelLiveCheckoutWithInvalidCardDetails -->
    </test> <!-- Local Tests -->
  </suite> <!-- Local Test Suite -->
</testng-results>
