<?xml version="1.0" encoding="UTF-8"?>
<!-- Generated by org.testng.reporters.JUnitXMLReporter -->
<testsuite ignored="0" hostname="KRISH117" failures="0" tests="3" name="Local Tests" time="123.475" errors="0" timestamp="2024-04-02T17:27:28 IST">
  <testcase classname="sanity.bateel.SanityBateelLoginAndNavigationTest" name="testBateelShopCategoryNavigation" time="30.296"/>
  <testcase classname="sanity.bateel.SanityBateelProduct" name="testBateelclickproduct" time="43.879"/>
  <testcase classname="sanity.bateel.SanityBateelProductDetails" name="testBateelproductfilldetails" time="42.786"/>
</testsuite> <!-- Local Tests -->
